[2017-05-16 0:38:00] [error] Fatal Error (1): Uncaught exception 'PDOException' with message 'SQLSTATE[HY000] [1049] Unknown database 'solo'' in /home/ubuntu/workspace/solo/server/core/database/db.connection.class.php:60
Stack trace:
#0 /home/ubuntu/workspace/solo/server/core/database/db.connection.class.php(60): PDO->__construct('mysql:dbname=so...', 'root', '', Array)
#1 /home/ubuntu/workspace/solo/server/core/database.class.php(34): phpSweetPDO\Connection->__construct('mysql:dbname=so...', 'root', '')
#2 /home/ubuntu/workspace/solo/server/core/database.class.php(26): Database->connect()
#3 /home/ubuntu/workspace/solo/server/core/database.class.php(58): Database->__construct()
#4 /home/ubuntu/workspace/solo/server/core/auth.class.php(17): Database::getInstance()
#5 /home/ubuntu/workspace/solo/server/core/controller.class.php(29): Auth->__construct()
#6 /home/ubuntu/workspace/solo/server/core/request.class.php(117): Controller->__construct('app', 'login')
#7 /home/ubuntu/workspace/solo/server/core/request.class.php(27): Request->run_route()
#8 /home/ubu
    code: 1
    message: 'Uncaught exception 'PDOException' with message 'SQLSTATE[HY000] [1049] Unknown database 'solo'' in /home/ubuntu/workspace/solo/server/core/database/db.connection.class.php:60
    Stack trace:
    #0 /home/ubuntu/workspace/solo/server/core/database/db.connection.class.php(60): PDO->__construct('mysql:dbname=so...', 'root', '', Array)
    #1 /home/ubuntu/workspace/solo/server/core/database.class.php(34): phpSweetPDO\Connection->__construct('mysql:dbname=so...', 'root', '')
    #2 /home/ubuntu/workspace/solo/server/core/database.class.php(26): Database->connect()
    #3 /home/ubuntu/workspace/solo/server/core/database.class.php(58): Database->__construct()
    #4 /home/ubuntu/workspace/solo/server/core/auth.class.php(17): Database::getInstance()
    #5 /home/ubuntu/workspace/solo/server/core/controller.class.php(29): Auth->__construct()
    #6 /home/ubuntu/workspace/solo/server/core/request.class.php(117): Controller->__construct('app', 'login')
    #7 /home/ubuntu/workspace/solo/server/core/request.class.php(27): Request->run_route()
    #8 /home/ubu'
    file: '/home/ubuntu/workspace/solo/server/core/database/db.connection.class.php'
    line: 60
[2017-05-16 0:38:02] [error] Fatal Error (1): Uncaught exception 'PDOException' with message 'SQLSTATE[HY000] [1049] Unknown database 'solo'' in /home/ubuntu/workspace/solo/server/core/database/db.connection.class.php:60
Stack trace:
#0 /home/ubuntu/workspace/solo/server/core/database/db.connection.class.php(60): PDO->__construct('mysql:dbname=so...', 'root', '', Array)
#1 /home/ubuntu/workspace/solo/server/core/database.class.php(34): phpSweetPDO\Connection->__construct('mysql:dbname=so...', 'root', '')
#2 /home/ubuntu/workspace/solo/server/core/database.class.php(26): Database->connect()
#3 /home/ubuntu/workspace/solo/server/core/database.class.php(58): Database->__construct()
#4 /home/ubuntu/workspace/solo/server/core/auth.class.php(17): Database::getInstance()
#5 /home/ubuntu/workspace/solo/server/core/controller.class.php(29): Auth->__construct()
#6 /home/ubuntu/workspace/solo/server/core/request.class.php(117): Controller->__construct('app', 'login')
#7 /home/ubuntu/workspace/solo/server/core/request.class.php(27): Request->run_route()
#8 /home/ubu
    code: 1
    message: 'Uncaught exception 'PDOException' with message 'SQLSTATE[HY000] [1049] Unknown database 'solo'' in /home/ubuntu/workspace/solo/server/core/database/db.connection.class.php:60
    Stack trace:
    #0 /home/ubuntu/workspace/solo/server/core/database/db.connection.class.php(60): PDO->__construct('mysql:dbname=so...', 'root', '', Array)
    #1 /home/ubuntu/workspace/solo/server/core/database.class.php(34): phpSweetPDO\Connection->__construct('mysql:dbname=so...', 'root', '')
    #2 /home/ubuntu/workspace/solo/server/core/database.class.php(26): Database->connect()
    #3 /home/ubuntu/workspace/solo/server/core/database.class.php(58): Database->__construct()
    #4 /home/ubuntu/workspace/solo/server/core/auth.class.php(17): Database::getInstance()
    #5 /home/ubuntu/workspace/solo/server/core/controller.class.php(29): Auth->__construct()
    #6 /home/ubuntu/workspace/solo/server/core/request.class.php(117): Controller->__construct('app', 'login')
    #7 /home/ubuntu/workspace/solo/server/core/request.class.php(27): Request->run_route()
    #8 /home/ubu'
    file: '/home/ubuntu/workspace/solo/server/core/database/db.connection.class.php'
    line: 60
[2017-05-16 0:43:27] [error] Fatal Error (1): Uncaught exception 'phpSweetPDO\Exceptions\DbException' with message 'Database error [42S02]: Table 'solo.users' doesn't exist, driver error code is 1146 SQL: SELECT id from users WHERE email = 'admin' Arguments: array (
)' in /home/ubuntu/workspace/solo/server/core/database/db.connection.class.php:252
Stack trace:
#0 /home/ubuntu/workspace/solo/server/core/database/db.connection.class.php(77): phpSweetPDO\Connection->_executeStatement(Object(PDOStatement), 'SELECT id from ...', Array)
#1 /home/ubuntu/workspace/solo/server/core/auth.class.php(134): phpSweetPDO\Connection->execute('SELECT id from ...')
#2 /home/ubuntu/workspace/solo/server/core/auth.class.php(89): Auth->username_available('admin')
#3 /home/ubuntu/workspace/solo/server/core/controller.class.php(32): Auth->login('admin', 'admin')
#4 /home/ubuntu/workspace/solo/server/core/request.class.php(117): Controller->__construct('app', 'login')
#5 /home/ubuntu/workspace/solo/server/core/request.class.php(27): Request->run_route()
#6 /home/ubuntu/workspace
    code: 1
    message: 'Uncaught exception 'phpSweetPDO\Exceptions\DbException' with message 'Database error [42S02]: Table 'solo.users' doesn't exist, driver error code is 1146 SQL: SELECT id from users WHERE email = 'admin' Arguments: array()' in /home/ubuntu/workspace/solo/server/core/database/db.connection.class.php:252
    Stack trace:
    #0 /home/ubuntu/workspace/solo/server/core/database/db.connection.class.php(77): phpSweetPDO\Connection->_executeStatement(Object(PDOStatement), 'SELECT id from ...', Array)
    #1 /home/ubuntu/workspace/solo/server/core/auth.class.php(134): phpSweetPDO\Connection->execute('SELECT id from ...')
    #2 /home/ubuntu/workspace/solo/server/core/auth.class.php(89): Auth->username_available('admin')
    #3 /home/ubuntu/workspace/solo/server/core/controller.class.php(32): Auth->login('admin', 'admin')
    #4 /home/ubuntu/workspace/solo/server/core/request.class.php(117): Controller->__construct('app', 'login')
    #5 /home/ubuntu/workspace/solo/server/core/request.class.php(27): Request->run_route()
    #6 /home/ubuntu/workspace'
    file: '/home/ubuntu/workspace/solo/server/core/database/db.connection.class.php'
    line: 252
[2017-05-16 0:43:30] [error] Fatal Error (1): Uncaught exception 'phpSweetPDO\Exceptions\DbException' with message 'Database error [42S02]: Table 'solo.users' doesn't exist, driver error code is 1146 SQL: SELECT id from users WHERE email = 'admin' Arguments: array (
)' in /home/ubuntu/workspace/solo/server/core/database/db.connection.class.php:252
Stack trace:
#0 /home/ubuntu/workspace/solo/server/core/database/db.connection.class.php(77): phpSweetPDO\Connection->_executeStatement(Object(PDOStatement), 'SELECT id from ...', Array)
#1 /home/ubuntu/workspace/solo/server/core/auth.class.php(134): phpSweetPDO\Connection->execute('SELECT id from ...')
#2 /home/ubuntu/workspace/solo/server/core/auth.class.php(89): Auth->username_available('admin')
#3 /home/ubuntu/workspace/solo/server/core/controller.class.php(32): Auth->login('admin', 'admin')
#4 /home/ubuntu/workspace/solo/server/core/request.class.php(117): Controller->__construct('app', 'login')
#5 /home/ubuntu/workspace/solo/server/core/request.class.php(27): Request->run_route()
#6 /home/ubuntu/workspace
    code: 1
    message: 'Uncaught exception 'phpSweetPDO\Exceptions\DbException' with message 'Database error [42S02]: Table 'solo.users' doesn't exist, driver error code is 1146 SQL: SELECT id from users WHERE email = 'admin' Arguments: array()' in /home/ubuntu/workspace/solo/server/core/database/db.connection.class.php:252
    Stack trace:
    #0 /home/ubuntu/workspace/solo/server/core/database/db.connection.class.php(77): phpSweetPDO\Connection->_executeStatement(Object(PDOStatement), 'SELECT id from ...', Array)
    #1 /home/ubuntu/workspace/solo/server/core/auth.class.php(134): phpSweetPDO\Connection->execute('SELECT id from ...')
    #2 /home/ubuntu/workspace/solo/server/core/auth.class.php(89): Auth->username_available('admin')
    #3 /home/ubuntu/workspace/solo/server/core/controller.class.php(32): Auth->login('admin', 'admin')
    #4 /home/ubuntu/workspace/solo/server/core/request.class.php(117): Controller->__construct('app', 'login')
    #5 /home/ubuntu/workspace/solo/server/core/request.class.php(27): Request->run_route()
    #6 /home/ubuntu/workspace'
    file: '/home/ubuntu/workspace/solo/server/core/database/db.connection.class.php'
    line: 252
[2017-05-16 0:43:33] [error] Fatal Error (1): Uncaught exception 'phpSweetPDO\Exceptions\DbException' with message 'Database error [42S02]: Table 'solo.users' doesn't exist, driver error code is 1146 SQL: SELECT id from users WHERE email = 'admin' Arguments: array (
)' in /home/ubuntu/workspace/solo/server/core/database/db.connection.class.php:252
Stack trace:
#0 /home/ubuntu/workspace/solo/server/core/database/db.connection.class.php(77): phpSweetPDO\Connection->_executeStatement(Object(PDOStatement), 'SELECT id from ...', Array)
#1 /home/ubuntu/workspace/solo/server/core/auth.class.php(134): phpSweetPDO\Connection->execute('SELECT id from ...')
#2 /home/ubuntu/workspace/solo/server/core/auth.class.php(89): Auth->username_available('admin')
#3 /home/ubuntu/workspace/solo/server/core/controller.class.php(32): Auth->login('admin', 'admin')
#4 /home/ubuntu/workspace/solo/server/core/request.class.php(117): Controller->__construct('app', 'login')
#5 /home/ubuntu/workspace/solo/server/core/request.class.php(27): Request->run_route()
#6 /home/ubuntu/workspace
    code: 1
    message: 'Uncaught exception 'phpSweetPDO\Exceptions\DbException' with message 'Database error [42S02]: Table 'solo.users' doesn't exist, driver error code is 1146 SQL: SELECT id from users WHERE email = 'admin' Arguments: array()' in /home/ubuntu/workspace/solo/server/core/database/db.connection.class.php:252
    Stack trace:
    #0 /home/ubuntu/workspace/solo/server/core/database/db.connection.class.php(77): phpSweetPDO\Connection->_executeStatement(Object(PDOStatement), 'SELECT id from ...', Array)
    #1 /home/ubuntu/workspace/solo/server/core/auth.class.php(134): phpSweetPDO\Connection->execute('SELECT id from ...')
    #2 /home/ubuntu/workspace/solo/server/core/auth.class.php(89): Auth->username_available('admin')
    #3 /home/ubuntu/workspace/solo/server/core/controller.class.php(32): Auth->login('admin', 'admin')
    #4 /home/ubuntu/workspace/solo/server/core/request.class.php(117): Controller->__construct('app', 'login')
    #5 /home/ubuntu/workspace/solo/server/core/request.class.php(27): Request->run_route()
    #6 /home/ubuntu/workspace'
    file: '/home/ubuntu/workspace/solo/server/core/database/db.connection.class.php'
    line: 252
[2017-05-16 0:43:42] [error] Fatal Error (1): Uncaught exception 'phpSweetPDO\Exceptions\DbException' with message 'Database error [42S02]: Table 'solo.users' doesn't exist, driver error code is 1146 SQL: SELECT id from users WHERE email = '' Arguments: array (
)' in /home/ubuntu/workspace/solo/server/core/database/db.connection.class.php:252
Stack trace:
#0 /home/ubuntu/workspace/solo/server/core/database/db.connection.class.php(77): phpSweetPDO\Connection->_executeStatement(Object(PDOStatement), 'SELECT id from ...', Array)
#1 /home/ubuntu/workspace/solo/server/core/auth.class.php(134): phpSweetPDO\Connection->execute('SELECT id from ...')
#2 /home/ubuntu/workspace/solo/server/core/auth.class.php(89): Auth->username_available('')
#3 /home/ubuntu/workspace/solo/server/core/controller.class.php(32): Auth->login('', '')
#4 /home/ubuntu/workspace/solo/server/core/request.class.php(117): Controller->__construct('app', 'login')
#5 /home/ubuntu/workspace/solo/server/core/request.class.php(27): Request->run_route()
#6 /home/ubuntu/workspace/solo/server/index.p
    code: 1
    message: 'Uncaught exception 'phpSweetPDO\Exceptions\DbException' with message 'Database error [42S02]: Table 'solo.users' doesn't exist, driver error code is 1146 SQL: SELECT id from users WHERE email = '' Arguments: array()' in /home/ubuntu/workspace/solo/server/core/database/db.connection.class.php:252
    Stack trace:
    #0 /home/ubuntu/workspace/solo/server/core/database/db.connection.class.php(77): phpSweetPDO\Connection->_executeStatement(Object(PDOStatement), 'SELECT id from ...', Array)
    #1 /home/ubuntu/workspace/solo/server/core/auth.class.php(134): phpSweetPDO\Connection->execute('SELECT id from ...')
    #2 /home/ubuntu/workspace/solo/server/core/auth.class.php(89): Auth->username_available('')
    #3 /home/ubuntu/workspace/solo/server/core/controller.class.php(32): Auth->login('', '')
    #4 /home/ubuntu/workspace/solo/server/core/request.class.php(117): Controller->__construct('app', 'login')
    #5 /home/ubuntu/workspace/solo/server/core/request.class.php(27): Request->run_route()
    #6 /home/ubuntu/workspace/solo/server/index.p'
    file: '/home/ubuntu/workspace/solo/server/core/database/db.connection.class.php'
    line: 252
[2017-05-16 0:43:42] [error] Fatal Error (1): Uncaught exception 'phpSweetPDO\Exceptions\DbException' with message 'Database error [42S02]: Table 'solo.users' doesn't exist, driver error code is 1146 SQL: SELECT id from users WHERE email = '' Arguments: array (
)' in /home/ubuntu/workspace/solo/server/core/database/db.connection.class.php:252
Stack trace:
#0 /home/ubuntu/workspace/solo/server/core/database/db.connection.class.php(77): phpSweetPDO\Connection->_executeStatement(Object(PDOStatement), 'SELECT id from ...', Array)
#1 /home/ubuntu/workspace/solo/server/core/auth.class.php(134): phpSweetPDO\Connection->execute('SELECT id from ...')
#2 /home/ubuntu/workspace/solo/server/core/auth.class.php(89): Auth->username_available('')
#3 /home/ubuntu/workspace/solo/server/core/controller.class.php(32): Auth->login('', '')
#4 /home/ubuntu/workspace/solo/server/core/request.class.php(117): Controller->__construct('app', 'login')
#5 /home/ubuntu/workspace/solo/server/core/request.class.php(27): Request->run_route()
#6 /home/ubuntu/workspace/solo/server/index.p
    code: 1
    message: 'Uncaught exception 'phpSweetPDO\Exceptions\DbException' with message 'Database error [42S02]: Table 'solo.users' doesn't exist, driver error code is 1146 SQL: SELECT id from users WHERE email = '' Arguments: array()' in /home/ubuntu/workspace/solo/server/core/database/db.connection.class.php:252
    Stack trace:
    #0 /home/ubuntu/workspace/solo/server/core/database/db.connection.class.php(77): phpSweetPDO\Connection->_executeStatement(Object(PDOStatement), 'SELECT id from ...', Array)
    #1 /home/ubuntu/workspace/solo/server/core/auth.class.php(134): phpSweetPDO\Connection->execute('SELECT id from ...')
    #2 /home/ubuntu/workspace/solo/server/core/auth.class.php(89): Auth->username_available('')
    #3 /home/ubuntu/workspace/solo/server/core/controller.class.php(32): Auth->login('', '')
    #4 /home/ubuntu/workspace/solo/server/core/request.class.php(117): Controller->__construct('app', 'login')
    #5 /home/ubuntu/workspace/solo/server/core/request.class.php(27): Request->run_route()
    #6 /home/ubuntu/workspace/solo/server/index.p'
    file: '/home/ubuntu/workspace/solo/server/core/database/db.connection.class.php'
    line: 252
[2017-05-16 0:43:43] [error] Fatal Error (1): Uncaught exception 'phpSweetPDO\Exceptions\DbException' with message 'Database error [42S02]: Table 'solo.users' doesn't exist, driver error code is 1146 SQL: SELECT id from users WHERE email = '' Arguments: array (
)' in /home/ubuntu/workspace/solo/server/core/database/db.connection.class.php:252
Stack trace:
#0 /home/ubuntu/workspace/solo/server/core/database/db.connection.class.php(77): phpSweetPDO\Connection->_executeStatement(Object(PDOStatement), 'SELECT id from ...', Array)
#1 /home/ubuntu/workspace/solo/server/core/auth.class.php(134): phpSweetPDO\Connection->execute('SELECT id from ...')
#2 /home/ubuntu/workspace/solo/server/core/auth.class.php(89): Auth->username_available('')
#3 /home/ubuntu/workspace/solo/server/core/controller.class.php(32): Auth->login('', '')
#4 /home/ubuntu/workspace/solo/server/core/request.class.php(117): Controller->__construct('app', 'login')
#5 /home/ubuntu/workspace/solo/server/core/request.class.php(27): Request->run_route()
#6 /home/ubuntu/workspace/solo/server/index.p
    code: 1
    message: 'Uncaught exception 'phpSweetPDO\Exceptions\DbException' with message 'Database error [42S02]: Table 'solo.users' doesn't exist, driver error code is 1146 SQL: SELECT id from users WHERE email = '' Arguments: array()' in /home/ubuntu/workspace/solo/server/core/database/db.connection.class.php:252
    Stack trace:
    #0 /home/ubuntu/workspace/solo/server/core/database/db.connection.class.php(77): phpSweetPDO\Connection->_executeStatement(Object(PDOStatement), 'SELECT id from ...', Array)
    #1 /home/ubuntu/workspace/solo/server/core/auth.class.php(134): phpSweetPDO\Connection->execute('SELECT id from ...')
    #2 /home/ubuntu/workspace/solo/server/core/auth.class.php(89): Auth->username_available('')
    #3 /home/ubuntu/workspace/solo/server/core/controller.class.php(32): Auth->login('', '')
    #4 /home/ubuntu/workspace/solo/server/core/request.class.php(117): Controller->__construct('app', 'login')
    #5 /home/ubuntu/workspace/solo/server/core/request.class.php(27): Request->run_route()
    #6 /home/ubuntu/workspace/solo/server/index.p'
    file: '/home/ubuntu/workspace/solo/server/core/database/db.connection.class.php'
    line: 252
[2017-05-16 0:43:47] [error] Fatal Error (1): Uncaught exception 'phpSweetPDO\Exceptions\DbException' with message 'Database error [42S02]: Table 'solo.users' doesn't exist, driver error code is 1146 SQL: SELECT id from users WHERE email = 'admin' Arguments: array (
)' in /home/ubuntu/workspace/solo/server/core/database/db.connection.class.php:252
Stack trace:
#0 /home/ubuntu/workspace/solo/server/core/database/db.connection.class.php(77): phpSweetPDO\Connection->_executeStatement(Object(PDOStatement), 'SELECT id from ...', Array)
#1 /home/ubuntu/workspace/solo/server/core/auth.class.php(134): phpSweetPDO\Connection->execute('SELECT id from ...')
#2 /home/ubuntu/workspace/solo/server/core/auth.class.php(89): Auth->username_available('admin')
#3 /home/ubuntu/workspace/solo/server/core/controller.class.php(32): Auth->login('admin', 'admin')
#4 /home/ubuntu/workspace/solo/server/core/request.class.php(117): Controller->__construct('app', 'login')
#5 /home/ubuntu/workspace/solo/server/core/request.class.php(27): Request->run_route()
#6 /home/ubuntu/workspace
    code: 1
    message: 'Uncaught exception 'phpSweetPDO\Exceptions\DbException' with message 'Database error [42S02]: Table 'solo.users' doesn't exist, driver error code is 1146 SQL: SELECT id from users WHERE email = 'admin' Arguments: array()' in /home/ubuntu/workspace/solo/server/core/database/db.connection.class.php:252
    Stack trace:
    #0 /home/ubuntu/workspace/solo/server/core/database/db.connection.class.php(77): phpSweetPDO\Connection->_executeStatement(Object(PDOStatement), 'SELECT id from ...', Array)
    #1 /home/ubuntu/workspace/solo/server/core/auth.class.php(134): phpSweetPDO\Connection->execute('SELECT id from ...')
    #2 /home/ubuntu/workspace/solo/server/core/auth.class.php(89): Auth->username_available('admin')
    #3 /home/ubuntu/workspace/solo/server/core/controller.class.php(32): Auth->login('admin', 'admin')
    #4 /home/ubuntu/workspace/solo/server/core/request.class.php(117): Controller->__construct('app', 'login')
    #5 /home/ubuntu/workspace/solo/server/core/request.class.php(27): Request->run_route()
    #6 /home/ubuntu/workspace'
    file: '/home/ubuntu/workspace/solo/server/core/database/db.connection.class.php'
    line: 252
[2017-05-16 0:43:48] [error] Fatal Error (1): Uncaught exception 'phpSweetPDO\Exceptions\DbException' with message 'Database error [42S02]: Table 'solo.users' doesn't exist, driver error code is 1146 SQL: SELECT id from users WHERE email = 'admin' Arguments: array (
)' in /home/ubuntu/workspace/solo/server/core/database/db.connection.class.php:252
Stack trace:
#0 /home/ubuntu/workspace/solo/server/core/database/db.connection.class.php(77): phpSweetPDO\Connection->_executeStatement(Object(PDOStatement), 'SELECT id from ...', Array)
#1 /home/ubuntu/workspace/solo/server/core/auth.class.php(134): phpSweetPDO\Connection->execute('SELECT id from ...')
#2 /home/ubuntu/workspace/solo/server/core/auth.class.php(89): Auth->username_available('admin')
#3 /home/ubuntu/workspace/solo/server/core/controller.class.php(32): Auth->login('admin', 'admin')
#4 /home/ubuntu/workspace/solo/server/core/request.class.php(117): Controller->__construct('app', 'login')
#5 /home/ubuntu/workspace/solo/server/core/request.class.php(27): Request->run_route()
#6 /home/ubuntu/workspace
    code: 1
    message: 'Uncaught exception 'phpSweetPDO\Exceptions\DbException' with message 'Database error [42S02]: Table 'solo.users' doesn't exist, driver error code is 1146 SQL: SELECT id from users WHERE email = 'admin' Arguments: array()' in /home/ubuntu/workspace/solo/server/core/database/db.connection.class.php:252
    Stack trace:
    #0 /home/ubuntu/workspace/solo/server/core/database/db.connection.class.php(77): phpSweetPDO\Connection->_executeStatement(Object(PDOStatement), 'SELECT id from ...', Array)
    #1 /home/ubuntu/workspace/solo/server/core/auth.class.php(134): phpSweetPDO\Connection->execute('SELECT id from ...')
    #2 /home/ubuntu/workspace/solo/server/core/auth.class.php(89): Auth->username_available('admin')
    #3 /home/ubuntu/workspace/solo/server/core/controller.class.php(32): Auth->login('admin', 'admin')
    #4 /home/ubuntu/workspace/solo/server/core/request.class.php(117): Controller->__construct('app', 'login')
    #5 /home/ubuntu/workspace/solo/server/core/request.class.php(27): Request->run_route()
    #6 /home/ubuntu/workspace'
    file: '/home/ubuntu/workspace/solo/server/core/database/db.connection.class.php'
    line: 252
[2017-05-16 0:43:49] [error] Fatal Error (1): Uncaught exception 'phpSweetPDO\Exceptions\DbException' with message 'Database error [42S02]: Table 'solo.users' doesn't exist, driver error code is 1146 SQL: SELECT id from users WHERE email = 'admin' Arguments: array (
)' in /home/ubuntu/workspace/solo/server/core/database/db.connection.class.php:252
Stack trace:
#0 /home/ubuntu/workspace/solo/server/core/database/db.connection.class.php(77): phpSweetPDO\Connection->_executeStatement(Object(PDOStatement), 'SELECT id from ...', Array)
#1 /home/ubuntu/workspace/solo/server/core/auth.class.php(134): phpSweetPDO\Connection->execute('SELECT id from ...')
#2 /home/ubuntu/workspace/solo/server/core/auth.class.php(89): Auth->username_available('admin')
#3 /home/ubuntu/workspace/solo/server/core/controller.class.php(32): Auth->login('admin', 'admin')
#4 /home/ubuntu/workspace/solo/server/core/request.class.php(117): Controller->__construct('app', 'login')
#5 /home/ubuntu/workspace/solo/server/core/request.class.php(27): Request->run_route()
#6 /home/ubuntu/workspace
    code: 1
    message: 'Uncaught exception 'phpSweetPDO\Exceptions\DbException' with message 'Database error [42S02]: Table 'solo.users' doesn't exist, driver error code is 1146 SQL: SELECT id from users WHERE email = 'admin' Arguments: array()' in /home/ubuntu/workspace/solo/server/core/database/db.connection.class.php:252
    Stack trace:
    #0 /home/ubuntu/workspace/solo/server/core/database/db.connection.class.php(77): phpSweetPDO\Connection->_executeStatement(Object(PDOStatement), 'SELECT id from ...', Array)
    #1 /home/ubuntu/workspace/solo/server/core/auth.class.php(134): phpSweetPDO\Connection->execute('SELECT id from ...')
    #2 /home/ubuntu/workspace/solo/server/core/auth.class.php(89): Auth->username_available('admin')
    #3 /home/ubuntu/workspace/solo/server/core/controller.class.php(32): Auth->login('admin', 'admin')
    #4 /home/ubuntu/workspace/solo/server/core/request.class.php(117): Controller->__construct('app', 'login')
    #5 /home/ubuntu/workspace/solo/server/core/request.class.php(27): Request->run_route()
    #6 /home/ubuntu/workspace'
    file: '/home/ubuntu/workspace/solo/server/core/database/db.connection.class.php'
    line: 252
[2017-05-16 0:44:10] [error] Fatal Error (1): Uncaught exception 'phpSweetPDO\Exceptions\DbException' with message 'Database error [42S02]: Table 'solo.users' doesn't exist, driver error code is 1146 SQL: SELECT id from users WHERE email = 'admin' Arguments: array (
)' in /home/ubuntu/workspace/solo/server/core/database/db.connection.class.php:252
Stack trace:
#0 /home/ubuntu/workspace/solo/server/core/database/db.connection.class.php(77): phpSweetPDO\Connection->_executeStatement(Object(PDOStatement), 'SELECT id from ...', Array)
#1 /home/ubuntu/workspace/solo/server/core/auth.class.php(134): phpSweetPDO\Connection->execute('SELECT id from ...')
#2 /home/ubuntu/workspace/solo/server/core/auth.class.php(89): Auth->username_available('admin')
#3 /home/ubuntu/workspace/solo/server/core/controller.class.php(32): Auth->login('admin', 'admin')
#4 /home/ubuntu/workspace/solo/server/core/request.class.php(117): Controller->__construct('app', 'login')
#5 /home/ubuntu/workspace/solo/server/core/request.class.php(27): Request->run_route()
#6 /home/ubuntu/workspace
    code: 1
    message: 'Uncaught exception 'phpSweetPDO\Exceptions\DbException' with message 'Database error [42S02]: Table 'solo.users' doesn't exist, driver error code is 1146 SQL: SELECT id from users WHERE email = 'admin' Arguments: array()' in /home/ubuntu/workspace/solo/server/core/database/db.connection.class.php:252
    Stack trace:
    #0 /home/ubuntu/workspace/solo/server/core/database/db.connection.class.php(77): phpSweetPDO\Connection->_executeStatement(Object(PDOStatement), 'SELECT id from ...', Array)
    #1 /home/ubuntu/workspace/solo/server/core/auth.class.php(134): phpSweetPDO\Connection->execute('SELECT id from ...')
    #2 /home/ubuntu/workspace/solo/server/core/auth.class.php(89): Auth->username_available('admin')
    #3 /home/ubuntu/workspace/solo/server/core/controller.class.php(32): Auth->login('admin', 'admin')
    #4 /home/ubuntu/workspace/solo/server/core/request.class.php(117): Controller->__construct('app', 'login')
    #5 /home/ubuntu/workspace/solo/server/core/request.class.php(27): Request->run_route()
    #6 /home/ubuntu/workspace'
    file: '/home/ubuntu/workspace/solo/server/core/database/db.connection.class.php'
    line: 252
[2017-05-16 0:44:11] [error] Fatal Error (1): Uncaught exception 'phpSweetPDO\Exceptions\DbException' with message 'Database error [42S02]: Table 'solo.users' doesn't exist, driver error code is 1146 SQL: SELECT id from users WHERE email = 'admin' Arguments: array (
)' in /home/ubuntu/workspace/solo/server/core/database/db.connection.class.php:252
Stack trace:
#0 /home/ubuntu/workspace/solo/server/core/database/db.connection.class.php(77): phpSweetPDO\Connection->_executeStatement(Object(PDOStatement), 'SELECT id from ...', Array)
#1 /home/ubuntu/workspace/solo/server/core/auth.class.php(134): phpSweetPDO\Connection->execute('SELECT id from ...')
#2 /home/ubuntu/workspace/solo/server/core/auth.class.php(89): Auth->username_available('admin')
#3 /home/ubuntu/workspace/solo/server/core/controller.class.php(32): Auth->login('admin', 'admin')
#4 /home/ubuntu/workspace/solo/server/core/request.class.php(117): Controller->__construct('app', 'login')
#5 /home/ubuntu/workspace/solo/server/core/request.class.php(27): Request->run_route()
#6 /home/ubuntu/workspace
    code: 1
    message: 'Uncaught exception 'phpSweetPDO\Exceptions\DbException' with message 'Database error [42S02]: Table 'solo.users' doesn't exist, driver error code is 1146 SQL: SELECT id from users WHERE email = 'admin' Arguments: array()' in /home/ubuntu/workspace/solo/server/core/database/db.connection.class.php:252
    Stack trace:
    #0 /home/ubuntu/workspace/solo/server/core/database/db.connection.class.php(77): phpSweetPDO\Connection->_executeStatement(Object(PDOStatement), 'SELECT id from ...', Array)
    #1 /home/ubuntu/workspace/solo/server/core/auth.class.php(134): phpSweetPDO\Connection->execute('SELECT id from ...')
    #2 /home/ubuntu/workspace/solo/server/core/auth.class.php(89): Auth->username_available('admin')
    #3 /home/ubuntu/workspace/solo/server/core/controller.class.php(32): Auth->login('admin', 'admin')
    #4 /home/ubuntu/workspace/solo/server/core/request.class.php(117): Controller->__construct('app', 'login')
    #5 /home/ubuntu/workspace/solo/server/core/request.class.php(27): Request->run_route()
    #6 /home/ubuntu/workspace'
    file: '/home/ubuntu/workspace/solo/server/core/database/db.connection.class.php'
    line: 252
[2017-05-16 0:44:12] [error] Fatal Error (1): Uncaught exception 'phpSweetPDO\Exceptions\DbException' with message 'Database error [42S02]: Table 'solo.users' doesn't exist, driver error code is 1146 SQL: SELECT id from users WHERE email = 'admin' Arguments: array (
)' in /home/ubuntu/workspace/solo/server/core/database/db.connection.class.php:252
Stack trace:
#0 /home/ubuntu/workspace/solo/server/core/database/db.connection.class.php(77): phpSweetPDO\Connection->_executeStatement(Object(PDOStatement), 'SELECT id from ...', Array)
#1 /home/ubuntu/workspace/solo/server/core/auth.class.php(134): phpSweetPDO\Connection->execute('SELECT id from ...')
#2 /home/ubuntu/workspace/solo/server/core/auth.class.php(89): Auth->username_available('admin')
#3 /home/ubuntu/workspace/solo/server/core/controller.class.php(32): Auth->login('admin', 'admin')
#4 /home/ubuntu/workspace/solo/server/core/request.class.php(117): Controller->__construct('app', 'login')
#5 /home/ubuntu/workspace/solo/server/core/request.class.php(27): Request->run_route()
#6 /home/ubuntu/workspace
    code: 1
    message: 'Uncaught exception 'phpSweetPDO\Exceptions\DbException' with message 'Database error [42S02]: Table 'solo.users' doesn't exist, driver error code is 1146 SQL: SELECT id from users WHERE email = 'admin' Arguments: array()' in /home/ubuntu/workspace/solo/server/core/database/db.connection.class.php:252
    Stack trace:
    #0 /home/ubuntu/workspace/solo/server/core/database/db.connection.class.php(77): phpSweetPDO\Connection->_executeStatement(Object(PDOStatement), 'SELECT id from ...', Array)
    #1 /home/ubuntu/workspace/solo/server/core/auth.class.php(134): phpSweetPDO\Connection->execute('SELECT id from ...')
    #2 /home/ubuntu/workspace/solo/server/core/auth.class.php(89): Auth->username_available('admin')
    #3 /home/ubuntu/workspace/solo/server/core/controller.class.php(32): Auth->login('admin', 'admin')
    #4 /home/ubuntu/workspace/solo/server/core/request.class.php(117): Controller->__construct('app', 'login')
    #5 /home/ubuntu/workspace/solo/server/core/request.class.php(27): Request->run_route()
    #6 /home/ubuntu/workspace'
    file: '/home/ubuntu/workspace/solo/server/core/database/db.connection.class.php'
    line: 252
[2017-05-16 0:44:12] [error] Fatal Error (1): Uncaught exception 'phpSweetPDO\Exceptions\DbException' with message 'Database error [42S02]: Table 'solo.users' doesn't exist, driver error code is 1146 SQL: SELECT id from users WHERE email = 'admin' Arguments: array (
)' in /home/ubuntu/workspace/solo/server/core/database/db.connection.class.php:252
Stack trace:
#0 /home/ubuntu/workspace/solo/server/core/database/db.connection.class.php(77): phpSweetPDO\Connection->_executeStatement(Object(PDOStatement), 'SELECT id from ...', Array)
#1 /home/ubuntu/workspace/solo/server/core/auth.class.php(134): phpSweetPDO\Connection->execute('SELECT id from ...')
#2 /home/ubuntu/workspace/solo/server/core/auth.class.php(89): Auth->username_available('admin')
#3 /home/ubuntu/workspace/solo/server/core/controller.class.php(32): Auth->login('admin', 'admin')
#4 /home/ubuntu/workspace/solo/server/core/request.class.php(117): Controller->__construct('app', 'login')
#5 /home/ubuntu/workspace/solo/server/core/request.class.php(27): Request->run_route()
#6 /home/ubuntu/workspace
    code: 1
    message: 'Uncaught exception 'phpSweetPDO\Exceptions\DbException' with message 'Database error [42S02]: Table 'solo.users' doesn't exist, driver error code is 1146 SQL: SELECT id from users WHERE email = 'admin' Arguments: array()' in /home/ubuntu/workspace/solo/server/core/database/db.connection.class.php:252
    Stack trace:
    #0 /home/ubuntu/workspace/solo/server/core/database/db.connection.class.php(77): phpSweetPDO\Connection->_executeStatement(Object(PDOStatement), 'SELECT id from ...', Array)
    #1 /home/ubuntu/workspace/solo/server/core/auth.class.php(134): phpSweetPDO\Connection->execute('SELECT id from ...')
    #2 /home/ubuntu/workspace/solo/server/core/auth.class.php(89): Auth->username_available('admin')
    #3 /home/ubuntu/workspace/solo/server/core/controller.class.php(32): Auth->login('admin', 'admin')
    #4 /home/ubuntu/workspace/solo/server/core/request.class.php(117): Controller->__construct('app', 'login')
    #5 /home/ubuntu/workspace/solo/server/core/request.class.php(27): Request->run_route()
    #6 /home/ubuntu/workspace'
    file: '/home/ubuntu/workspace/solo/server/core/database/db.connection.class.php'
    line: 252
[2017-05-16 0:44:13] [error] Fatal Error (1): Uncaught exception 'phpSweetPDO\Exceptions\DbException' with message 'Database error [42S02]: Table 'solo.users' doesn't exist, driver error code is 1146 SQL: SELECT id from users WHERE email = 'admin' Arguments: array (
)' in /home/ubuntu/workspace/solo/server/core/database/db.connection.class.php:252
Stack trace:
#0 /home/ubuntu/workspace/solo/server/core/database/db.connection.class.php(77): phpSweetPDO\Connection->_executeStatement(Object(PDOStatement), 'SELECT id from ...', Array)
#1 /home/ubuntu/workspace/solo/server/core/auth.class.php(134): phpSweetPDO\Connection->execute('SELECT id from ...')
#2 /home/ubuntu/workspace/solo/server/core/auth.class.php(89): Auth->username_available('admin')
#3 /home/ubuntu/workspace/solo/server/core/controller.class.php(32): Auth->login('admin', 'admin')
#4 /home/ubuntu/workspace/solo/server/core/request.class.php(117): Controller->__construct('app', 'login')
#5 /home/ubuntu/workspace/solo/server/core/request.class.php(27): Request->run_route()
#6 /home/ubuntu/workspace
    code: 1
    message: 'Uncaught exception 'phpSweetPDO\Exceptions\DbException' with message 'Database error [42S02]: Table 'solo.users' doesn't exist, driver error code is 1146 SQL: SELECT id from users WHERE email = 'admin' Arguments: array()' in /home/ubuntu/workspace/solo/server/core/database/db.connection.class.php:252
    Stack trace:
    #0 /home/ubuntu/workspace/solo/server/core/database/db.connection.class.php(77): phpSweetPDO\Connection->_executeStatement(Object(PDOStatement), 'SELECT id from ...', Array)
    #1 /home/ubuntu/workspace/solo/server/core/auth.class.php(134): phpSweetPDO\Connection->execute('SELECT id from ...')
    #2 /home/ubuntu/workspace/solo/server/core/auth.class.php(89): Auth->username_available('admin')
    #3 /home/ubuntu/workspace/solo/server/core/controller.class.php(32): Auth->login('admin', 'admin')
    #4 /home/ubuntu/workspace/solo/server/core/request.class.php(117): Controller->__construct('app', 'login')
    #5 /home/ubuntu/workspace/solo/server/core/request.class.php(27): Request->run_route()
    #6 /home/ubuntu/workspace'
    file: '/home/ubuntu/workspace/solo/server/core/database/db.connection.class.php'
    line: 252
[2017-05-16 0:44:13] [error] Fatal Error (1): Uncaught exception 'phpSweetPDO\Exceptions\DbException' with message 'Database error [42S02]: Table 'solo.users' doesn't exist, driver error code is 1146 SQL: SELECT id from users WHERE email = 'admin' Arguments: array (
)' in /home/ubuntu/workspace/solo/server/core/database/db.connection.class.php:252
Stack trace:
#0 /home/ubuntu/workspace/solo/server/core/database/db.connection.class.php(77): phpSweetPDO\Connection->_executeStatement(Object(PDOStatement), 'SELECT id from ...', Array)
#1 /home/ubuntu/workspace/solo/server/core/auth.class.php(134): phpSweetPDO\Connection->execute('SELECT id from ...')
#2 /home/ubuntu/workspace/solo/server/core/auth.class.php(89): Auth->username_available('admin')
#3 /home/ubuntu/workspace/solo/server/core/controller.class.php(32): Auth->login('admin', 'admin')
#4 /home/ubuntu/workspace/solo/server/core/request.class.php(117): Controller->__construct('app', 'login')
#5 /home/ubuntu/workspace/solo/server/core/request.class.php(27): Request->run_route()
#6 /home/ubuntu/workspace
    code: 1
    message: 'Uncaught exception 'phpSweetPDO\Exceptions\DbException' with message 'Database error [42S02]: Table 'solo.users' doesn't exist, driver error code is 1146 SQL: SELECT id from users WHERE email = 'admin' Arguments: array()' in /home/ubuntu/workspace/solo/server/core/database/db.connection.class.php:252
    Stack trace:
    #0 /home/ubuntu/workspace/solo/server/core/database/db.connection.class.php(77): phpSweetPDO\Connection->_executeStatement(Object(PDOStatement), 'SELECT id from ...', Array)
    #1 /home/ubuntu/workspace/solo/server/core/auth.class.php(134): phpSweetPDO\Connection->execute('SELECT id from ...')
    #2 /home/ubuntu/workspace/solo/server/core/auth.class.php(89): Auth->username_available('admin')
    #3 /home/ubuntu/workspace/solo/server/core/controller.class.php(32): Auth->login('admin', 'admin')
    #4 /home/ubuntu/workspace/solo/server/core/request.class.php(117): Controller->__construct('app', 'login')
    #5 /home/ubuntu/workspace/solo/server/core/request.class.php(27): Request->run_route()
    #6 /home/ubuntu/workspace'
    file: '/home/ubuntu/workspace/solo/server/core/database/db.connection.class.php'
    line: 252
[2017-05-16 0:44:13] [error] Fatal Error (1): Uncaught exception 'phpSweetPDO\Exceptions\DbException' with message 'Database error [42S02]: Table 'solo.users' doesn't exist, driver error code is 1146 SQL: SELECT id from users WHERE email = 'admin' Arguments: array (
)' in /home/ubuntu/workspace/solo/server/core/database/db.connection.class.php:252
Stack trace:
#0 /home/ubuntu/workspace/solo/server/core/database/db.connection.class.php(77): phpSweetPDO\Connection->_executeStatement(Object(PDOStatement), 'SELECT id from ...', Array)
#1 /home/ubuntu/workspace/solo/server/core/auth.class.php(134): phpSweetPDO\Connection->execute('SELECT id from ...')
#2 /home/ubuntu/workspace/solo/server/core/auth.class.php(89): Auth->username_available('admin')
#3 /home/ubuntu/workspace/solo/server/core/controller.class.php(32): Auth->login('admin', 'admin')
#4 /home/ubuntu/workspace/solo/server/core/request.class.php(117): Controller->__construct('app', 'login')
#5 /home/ubuntu/workspace/solo/server/core/request.class.php(27): Request->run_route()
#6 /home/ubuntu/workspace
    code: 1
    message: 'Uncaught exception 'phpSweetPDO\Exceptions\DbException' with message 'Database error [42S02]: Table 'solo.users' doesn't exist, driver error code is 1146 SQL: SELECT id from users WHERE email = 'admin' Arguments: array()' in /home/ubuntu/workspace/solo/server/core/database/db.connection.class.php:252
    Stack trace:
    #0 /home/ubuntu/workspace/solo/server/core/database/db.connection.class.php(77): phpSweetPDO\Connection->_executeStatement(Object(PDOStatement), 'SELECT id from ...', Array)
    #1 /home/ubuntu/workspace/solo/server/core/auth.class.php(134): phpSweetPDO\Connection->execute('SELECT id from ...')
    #2 /home/ubuntu/workspace/solo/server/core/auth.class.php(89): Auth->username_available('admin')
    #3 /home/ubuntu/workspace/solo/server/core/controller.class.php(32): Auth->login('admin', 'admin')
    #4 /home/ubuntu/workspace/solo/server/core/request.class.php(117): Controller->__construct('app', 'login')
    #5 /home/ubuntu/workspace/solo/server/core/request.class.php(27): Request->run_route()
    #6 /home/ubuntu/workspace'
    file: '/home/ubuntu/workspace/solo/server/core/database/db.connection.class.php'
    line: 252
[2017-05-16 0:44:13] [error] Fatal Error (1): Uncaught exception 'phpSweetPDO\Exceptions\DbException' with message 'Database error [42S02]: Table 'solo.users' doesn't exist, driver error code is 1146 SQL: SELECT id from users WHERE email = 'admin' Arguments: array (
)' in /home/ubuntu/workspace/solo/server/core/database/db.connection.class.php:252
Stack trace:
#0 /home/ubuntu/workspace/solo/server/core/database/db.connection.class.php(77): phpSweetPDO\Connection->_executeStatement(Object(PDOStatement), 'SELECT id from ...', Array)
#1 /home/ubuntu/workspace/solo/server/core/auth.class.php(134): phpSweetPDO\Connection->execute('SELECT id from ...')
#2 /home/ubuntu/workspace/solo/server/core/auth.class.php(89): Auth->username_available('admin')
#3 /home/ubuntu/workspace/solo/server/core/controller.class.php(32): Auth->login('admin', 'admin')
#4 /home/ubuntu/workspace/solo/server/core/request.class.php(117): Controller->__construct('app', 'login')
#5 /home/ubuntu/workspace/solo/server/core/request.class.php(27): Request->run_route()
#6 /home/ubuntu/workspace
    code: 1
    message: 'Uncaught exception 'phpSweetPDO\Exceptions\DbException' with message 'Database error [42S02]: Table 'solo.users' doesn't exist, driver error code is 1146 SQL: SELECT id from users WHERE email = 'admin' Arguments: array()' in /home/ubuntu/workspace/solo/server/core/database/db.connection.class.php:252
    Stack trace:
    #0 /home/ubuntu/workspace/solo/server/core/database/db.connection.class.php(77): phpSweetPDO\Connection->_executeStatement(Object(PDOStatement), 'SELECT id from ...', Array)
    #1 /home/ubuntu/workspace/solo/server/core/auth.class.php(134): phpSweetPDO\Connection->execute('SELECT id from ...')
    #2 /home/ubuntu/workspace/solo/server/core/auth.class.php(89): Auth->username_available('admin')
    #3 /home/ubuntu/workspace/solo/server/core/controller.class.php(32): Auth->login('admin', 'admin')
    #4 /home/ubuntu/workspace/solo/server/core/request.class.php(117): Controller->__construct('app', 'login')
    #5 /home/ubuntu/workspace/solo/server/core/request.class.php(27): Request->run_route()
    #6 /home/ubuntu/workspace'
    file: '/home/ubuntu/workspace/solo/server/core/database/db.connection.class.php'
    line: 252
[2017-05-16 0:44:13] [error] Fatal Error (1): Uncaught exception 'phpSweetPDO\Exceptions\DbException' with message 'Database error [42S02]: Table 'solo.users' doesn't exist, driver error code is 1146 SQL: SELECT id from users WHERE email = 'admin' Arguments: array (
)' in /home/ubuntu/workspace/solo/server/core/database/db.connection.class.php:252
Stack trace:
#0 /home/ubuntu/workspace/solo/server/core/database/db.connection.class.php(77): phpSweetPDO\Connection->_executeStatement(Object(PDOStatement), 'SELECT id from ...', Array)
#1 /home/ubuntu/workspace/solo/server/core/auth.class.php(134): phpSweetPDO\Connection->execute('SELECT id from ...')
#2 /home/ubuntu/workspace/solo/server/core/auth.class.php(89): Auth->username_available('admin')
#3 /home/ubuntu/workspace/solo/server/core/controller.class.php(32): Auth->login('admin', 'admin')
#4 /home/ubuntu/workspace/solo/server/core/request.class.php(117): Controller->__construct('app', 'login')
#5 /home/ubuntu/workspace/solo/server/core/request.class.php(27): Request->run_route()
#6 /home/ubuntu/workspace
    code: 1
    message: 'Uncaught exception 'phpSweetPDO\Exceptions\DbException' with message 'Database error [42S02]: Table 'solo.users' doesn't exist, driver error code is 1146 SQL: SELECT id from users WHERE email = 'admin' Arguments: array()' in /home/ubuntu/workspace/solo/server/core/database/db.connection.class.php:252
    Stack trace:
    #0 /home/ubuntu/workspace/solo/server/core/database/db.connection.class.php(77): phpSweetPDO\Connection->_executeStatement(Object(PDOStatement), 'SELECT id from ...', Array)
    #1 /home/ubuntu/workspace/solo/server/core/auth.class.php(134): phpSweetPDO\Connection->execute('SELECT id from ...')
    #2 /home/ubuntu/workspace/solo/server/core/auth.class.php(89): Auth->username_available('admin')
    #3 /home/ubuntu/workspace/solo/server/core/controller.class.php(32): Auth->login('admin', 'admin')
    #4 /home/ubuntu/workspace/solo/server/core/request.class.php(117): Controller->__construct('app', 'login')
    #5 /home/ubuntu/workspace/solo/server/core/request.class.php(27): Request->run_route()
    #6 /home/ubuntu/workspace'
    file: '/home/ubuntu/workspace/solo/server/core/database/db.connection.class.php'
    line: 252
[2017-05-16 0:44:56] [error] Fatal Error (1): Uncaught exception 'phpSweetPDO\Exceptions\DbException' with message 'Database error [42S02]: Table 'solo.users' doesn't exist, driver error code is 1146 SQL: SELECT id from users WHERE email = 'admin' Arguments: array (
)' in /home/ubuntu/workspace/solo/server/core/database/db.connection.class.php:252
Stack trace:
#0 /home/ubuntu/workspace/solo/server/core/database/db.connection.class.php(77): phpSweetPDO\Connection->_executeStatement(Object(PDOStatement), 'SELECT id from ...', Array)
#1 /home/ubuntu/workspace/solo/server/core/auth.class.php(134): phpSweetPDO\Connection->execute('SELECT id from ...')
#2 /home/ubuntu/workspace/solo/server/core/auth.class.php(89): Auth->username_available('admin')
#3 /home/ubuntu/workspace/solo/server/core/controller.class.php(32): Auth->login('admin', 'admin')
#4 /home/ubuntu/workspace/solo/server/core/request.class.php(117): Controller->__construct('app', 'login')
#5 /home/ubuntu/workspace/solo/server/core/request.class.php(27): Request->run_route()
#6 /home/ubuntu/workspace
    code: 1
    message: 'Uncaught exception 'phpSweetPDO\Exceptions\DbException' with message 'Database error [42S02]: Table 'solo.users' doesn't exist, driver error code is 1146 SQL: SELECT id from users WHERE email = 'admin' Arguments: array()' in /home/ubuntu/workspace/solo/server/core/database/db.connection.class.php:252
    Stack trace:
    #0 /home/ubuntu/workspace/solo/server/core/database/db.connection.class.php(77): phpSweetPDO\Connection->_executeStatement(Object(PDOStatement), 'SELECT id from ...', Array)
    #1 /home/ubuntu/workspace/solo/server/core/auth.class.php(134): phpSweetPDO\Connection->execute('SELECT id from ...')
    #2 /home/ubuntu/workspace/solo/server/core/auth.class.php(89): Auth->username_available('admin')
    #3 /home/ubuntu/workspace/solo/server/core/controller.class.php(32): Auth->login('admin', 'admin')
    #4 /home/ubuntu/workspace/solo/server/core/request.class.php(117): Controller->__construct('app', 'login')
    #5 /home/ubuntu/workspace/solo/server/core/request.class.php(27): Request->run_route()
    #6 /home/ubuntu/workspace'
    file: '/home/ubuntu/workspace/solo/server/core/database/db.connection.class.php'
    line: 252
[2017-05-19 0:36:58] [error] Invalid TimeEntry(id - )
    task_id: array(
        0 => 'This field is required',
    )
[2017-05-19 0:36:58] [error] Fatal Error (1): Uncaught exception 'phpSweetPDO\Exceptions\DbException' with message 'Database error [42000]: You have an error in your SQL syntax; check the manual that corresponds to your MySQL server version for the right syntax to use near '' at line 1, driver error code is 1064 SQL: SELECT * FROM time_entries WHERE task_id =  Arguments: array (
)' in /home/ubuntu/workspace/solo/server/core/database/db.recordset.class.php:89
Stack trace:
#0 /home/ubuntu/workspace/solo/server/core/database/db.recordset.class.php(77): phpSweetPDO\Recordset->_refresh()
#1 /home/ubuntu/workspace/solo/server/core/database/db.connection.class.php(96): phpSweetPDO\Recordset->__construct(Object(PDOStatement), Array)
#2 /home/ubuntu/workspace/solo/server/core/model.class.php(115): phpSweetPDO\Connection->select('SELECT * FROM t...')
#3 /home/ubuntu/workspace/solo/server/application/models/task.php(360): Model->get('WHERE task_id =...')
#4 /home/ubuntu/workspace/solo/server/application/models/timeentry.php(58): Task->update_total_time()
#5 /home/u
    code: 1
    message: 'Uncaught exception 'phpSweetPDO\Exceptions\DbException' with message 'Database error [42000]: You have an error in your SQL syntax; check the manual that corresponds to your MySQL server version for the right syntax to use near '' at line 1, driver error code is 1064 SQL: SELECT * FROM time_entries WHERE task_id =  Arguments: array()' in /home/ubuntu/workspace/solo/server/core/database/db.recordset.class.php:89
    Stack trace:
    #0 /home/ubuntu/workspace/solo/server/core/database/db.recordset.class.php(77): phpSweetPDO\Recordset->_refresh()
    #1 /home/ubuntu/workspace/solo/server/core/database/db.connection.class.php(96): phpSweetPDO\Recordset->__construct(Object(PDOStatement), Array)
    #2 /home/ubuntu/workspace/solo/server/core/model.class.php(115): phpSweetPDO\Connection->select('SELECT * FROM t...')
    #3 /home/ubuntu/workspace/solo/server/application/models/task.php(360): Model->get('WHERE task_id =...')
    #4 /home/ubuntu/workspace/solo/server/application/models/timeentry.php(58): Task->update_total_time()
    #5 /home/u'
    file: '/home/ubuntu/workspace/solo/server/core/database/db.recordset.class.php'
    line: 89
[2017-05-19 0:37:01] [error] Invalid TimeEntry(id - )
    task_id: array(
        0 => 'This field is required',
    )
[2017-05-19 0:37:01] [error] Fatal Error (1): Uncaught exception 'phpSweetPDO\Exceptions\DbException' with message 'Database error [42000]: You have an error in your SQL syntax; check the manual that corresponds to your MySQL server version for the right syntax to use near '' at line 1, driver error code is 1064 SQL: SELECT * FROM time_entries WHERE task_id =  Arguments: array (
)' in /home/ubuntu/workspace/solo/server/core/database/db.recordset.class.php:89
Stack trace:
#0 /home/ubuntu/workspace/solo/server/core/database/db.recordset.class.php(77): phpSweetPDO\Recordset->_refresh()
#1 /home/ubuntu/workspace/solo/server/core/database/db.connection.class.php(96): phpSweetPDO\Recordset->__construct(Object(PDOStatement), Array)
#2 /home/ubuntu/workspace/solo/server/core/model.class.php(115): phpSweetPDO\Connection->select('SELECT * FROM t...')
#3 /home/ubuntu/workspace/solo/server/application/models/task.php(360): Model->get('WHERE task_id =...')
#4 /home/ubuntu/workspace/solo/server/application/models/timeentry.php(58): Task->update_total_time()
#5 /home/u
    code: 1
    message: 'Uncaught exception 'phpSweetPDO\Exceptions\DbException' with message 'Database error [42000]: You have an error in your SQL syntax; check the manual that corresponds to your MySQL server version for the right syntax to use near '' at line 1, driver error code is 1064 SQL: SELECT * FROM time_entries WHERE task_id =  Arguments: array()' in /home/ubuntu/workspace/solo/server/core/database/db.recordset.class.php:89
    Stack trace:
    #0 /home/ubuntu/workspace/solo/server/core/database/db.recordset.class.php(77): phpSweetPDO\Recordset->_refresh()
    #1 /home/ubuntu/workspace/solo/server/core/database/db.connection.class.php(96): phpSweetPDO\Recordset->__construct(Object(PDOStatement), Array)
    #2 /home/ubuntu/workspace/solo/server/core/model.class.php(115): phpSweetPDO\Connection->select('SELECT * FROM t...')
    #3 /home/ubuntu/workspace/solo/server/application/models/task.php(360): Model->get('WHERE task_id =...')
    #4 /home/ubuntu/workspace/solo/server/application/models/timeentry.php(58): Task->update_total_time()
    #5 /home/u'
    file: '/home/ubuntu/workspace/solo/server/core/database/db.recordset.class.php'
    line: 89
[2017-05-19 0:37:01] [error] Invalid TimeEntry(id - )
    task_id: array(
        0 => 'This field is required',
    )
[2017-05-19 0:37:01] [error] Fatal Error (1): Uncaught exception 'phpSweetPDO\Exceptions\DbException' with message 'Database error [42000]: You have an error in your SQL syntax; check the manual that corresponds to your MySQL server version for the right syntax to use near '' at line 1, driver error code is 1064 SQL: SELECT * FROM time_entries WHERE task_id =  Arguments: array (
)' in /home/ubuntu/workspace/solo/server/core/database/db.recordset.class.php:89
Stack trace:
#0 /home/ubuntu/workspace/solo/server/core/database/db.recordset.class.php(77): phpSweetPDO\Recordset->_refresh()
#1 /home/ubuntu/workspace/solo/server/core/database/db.connection.class.php(96): phpSweetPDO\Recordset->__construct(Object(PDOStatement), Array)
#2 /home/ubuntu/workspace/solo/server/core/model.class.php(115): phpSweetPDO\Connection->select('SELECT * FROM t...')
#3 /home/ubuntu/workspace/solo/server/application/models/task.php(360): Model->get('WHERE task_id =...')
#4 /home/ubuntu/workspace/solo/server/application/models/timeentry.php(58): Task->update_total_time()
#5 /home/u
    code: 1
    message: 'Uncaught exception 'phpSweetPDO\Exceptions\DbException' with message 'Database error [42000]: You have an error in your SQL syntax; check the manual that corresponds to your MySQL server version for the right syntax to use near '' at line 1, driver error code is 1064 SQL: SELECT * FROM time_entries WHERE task_id =  Arguments: array()' in /home/ubuntu/workspace/solo/server/core/database/db.recordset.class.php:89
    Stack trace:
    #0 /home/ubuntu/workspace/solo/server/core/database/db.recordset.class.php(77): phpSweetPDO\Recordset->_refresh()
    #1 /home/ubuntu/workspace/solo/server/core/database/db.connection.class.php(96): phpSweetPDO\Recordset->__construct(Object(PDOStatement), Array)
    #2 /home/ubuntu/workspace/solo/server/core/model.class.php(115): phpSweetPDO\Connection->select('SELECT * FROM t...')
    #3 /home/ubuntu/workspace/solo/server/application/models/task.php(360): Model->get('WHERE task_id =...')
    #4 /home/ubuntu/workspace/solo/server/application/models/timeentry.php(58): Task->update_total_time()
    #5 /home/u'
    file: '/home/ubuntu/workspace/solo/server/core/database/db.recordset.class.php'
    line: 89
[2017-05-22 23:49:04] [error] Fatal Error (1): Uncaught exception 'phpSweetPDO\Exceptions\DbException' with message 'Database error [42000]: You have an error in your SQL syntax; check the manual that corresponds to your MySQL server version for the right syntax to use near 'GROUP BY tasks.id ORDER BY `position` ASC' at line 5, driver error code is 1064 SQL: SELECT tasks.*, files.name AS file, CONCAT(users.first_name, ' ', users.last_name) AS assigned_to_name, projects.name AS project_name
                FROM tasks
                LEFT JOIN users ON users.id = tasks.assigned_to
                LEFT JOIN projects on projects.id = tasks.project_id
                LEFT JOIN files ON files.entity_type = 'task' AND files.entity_id = tasks.id WHERE  tasks.project_id = GROUP BY tasks.id ORDER BY `position` ASC Arguments: array (
)' in /home/ubuntu/workspace/solo/server/core/database/db.recordset.class.php:89
Stack trace:
#0 /home/ubuntu/workspace/solo/server/core/database/db.recordset.class.php(77): phpSweetPDO\Recordset->_refresh()
#1 /home/ubuntu/workspac
    code: 1
    message: 'Uncaught exception 'phpSweetPDO\Exceptions\DbException' with message 'Database error [42000]: You have an error in your SQL syntax; check the manual that corresponds to your MySQL server version for the right syntax to use near 'GROUP BY tasks.id ORDER BY `position` ASC' at line 5, driver error code is 1064 SQL: SELECT tasks.*, files.name AS file, CONCAT(users.first_name, ' ', users.last_name) AS assigned_to_name, projects.name AS project_name
                                    FROM tasks
                                    LEFT JOIN users ON users.id = tasks.assigned_to
                                    LEFT JOIN projects on projects.id = tasks.project_id
                                    LEFT JOIN files ON files.entity_type = 'task' AND files.entity_id = tasks.id WHERE  tasks.project_id = GROUP BY tasks.id ORDER BY `position` ASC Arguments: array()' in /home/ubuntu/workspace/solo/server/core/database/db.recordset.class.php:89
    Stack trace:
    #0 /home/ubuntu/workspace/solo/server/core/database/db.recordset.class.php(77): phpSweetPDO\Recordset->_refresh()
    #1 /home/ubuntu/workspac'
    file: '/home/ubuntu/workspace/solo/server/core/database/db.recordset.class.php'
    line: 89
[2017-05-22 23:49:11] [error] Fatal Error (1): Uncaught exception 'phpSweetPDO\Exceptions\DbException' with message 'Database error [42000]: You have an error in your SQL syntax; check the manual that corresponds to your MySQL server version for the right syntax to use near 'GROUP BY tasks.id ORDER BY `position` ASC' at line 5, driver error code is 1064 SQL: SELECT tasks.*, files.name AS file, CONCAT(users.first_name, ' ', users.last_name) AS assigned_to_name, projects.name AS project_name
                FROM tasks
                LEFT JOIN users ON users.id = tasks.assigned_to
                LEFT JOIN projects on projects.id = tasks.project_id
                LEFT JOIN files ON files.entity_type = 'task' AND files.entity_id = tasks.id WHERE  tasks.project_id = GROUP BY tasks.id ORDER BY `position` ASC Arguments: array (
)' in /home/ubuntu/workspace/solo/server/core/database/db.recordset.class.php:89
Stack trace:
#0 /home/ubuntu/workspace/solo/server/core/database/db.recordset.class.php(77): phpSweetPDO\Recordset->_refresh()
#1 /home/ubuntu/workspac
    code: 1
    message: 'Uncaught exception 'phpSweetPDO\Exceptions\DbException' with message 'Database error [42000]: You have an error in your SQL syntax; check the manual that corresponds to your MySQL server version for the right syntax to use near 'GROUP BY tasks.id ORDER BY `position` ASC' at line 5, driver error code is 1064 SQL: SELECT tasks.*, files.name AS file, CONCAT(users.first_name, ' ', users.last_name) AS assigned_to_name, projects.name AS project_name
                                    FROM tasks
                                    LEFT JOIN users ON users.id = tasks.assigned_to
                                    LEFT JOIN projects on projects.id = tasks.project_id
                                    LEFT JOIN files ON files.entity_type = 'task' AND files.entity_id = tasks.id WHERE  tasks.project_id = GROUP BY tasks.id ORDER BY `position` ASC Arguments: array()' in /home/ubuntu/workspace/solo/server/core/database/db.recordset.class.php:89
    Stack trace:
    #0 /home/ubuntu/workspace/solo/server/core/database/db.recordset.class.php(77): phpSweetPDO\Recordset->_refresh()
    #1 /home/ubuntu/workspac'
    file: '/home/ubuntu/workspace/solo/server/core/database/db.recordset.class.php'
    line: 89
